<?xml version="1.0" encoding="utf-8"?>
<TestRun id="cdd06e8d-47e2-4907-b5da-2882c66272a1" name="dalep@DESKTOP-CKE82FJ 2025-11-11 15:43:39" runUser="DESKTOP-CKE82FJ\dalep" xmlns="http://microsoft.com/schemas/VisualStudio/TeamTest/2010">
  <Times creation="2025-11-11T15:43:39.4042462+11:00" queuing="2025-11-11T15:43:39.4042463+11:00" start="2025-11-11T15:43:38.9853001+11:00" finish="2025-11-11T15:43:39.4077440+11:00" />
  <TestSettings name="default" id="8c39ca05-40db-40f0-a551-0aff08bf5892">
    <Deployment runDeploymentRoot="dalep_DESKTOP-CKE82FJ_2025-11-11_15_43_39" />
  </TestSettings>
  <Results>
    <UnitTestResult executionId="e1d01eba-06f4-4c38-a465-4c6ebe3e26b1" testId="7c217084-b3c0-d267-13da-8947be0f3372" testName="TestMethod1" computerName="DESKTOP-CKE82FJ" duration="00:00:00.0000402" startTime="2025-11-11T15:43:39.3134661+11:00" endTime="2025-11-11T15:43:39.3140969+11:00" testType="13cdc9d9-ddb5-4fa4-a97d-d965ccfc6d4b" outcome="Passed" testListId="8c84fa94-04c1-424b-9868-57a2d4851a1d" relativeResultsDirectory="e1d01eba-06f4-4c38-a465-4c6ebe3e26b1" />
    <UnitTestResult executionId="6054aa93-389a-406f-91ab-13b24733e2fa" testId="d77f0cd1-5ed7-94cd-7957-c6e6eb528fa8" testName="Placeholder" computerName="DESKTOP-CKE82FJ" duration="00:00:00.0014000" startTime="2025-11-11T15:43:39.3011208+11:00" endTime="2025-11-11T15:43:39.3104324+11:00" testType="13cdc9d9-ddb5-4fa4-a97d-d965ccfc6d4b" outcome="Passed" testListId="8c84fa94-04c1-424b-9868-57a2d4851a1d" relativeResultsDirectory="6054aa93-389a-406f-91ab-13b24733e2fa" />
  </Results>
  <TestDefinitions>
    <UnitTest name="Placeholder" storage="e:\ai\work-in-progress\basketball app\tests\app.e2e\bin\release\net8.0\app.e2e.dll" id="d77f0cd1-5ed7-94cd-7957-c6e6eb528fa8">
      <Execution id="6054aa93-389a-406f-91ab-13b24733e2fa" />
      <TestMethod codeBase="E:\Ai\WORK-IN-PROGRESS\basketball app\tests\App.E2E\bin\Release\net8.0\App.E2E.dll" adapterTypeName="executor://mstestadapter/v2" className="App.E2E.SmokeTests" name="Placeholder" />
    </UnitTest>
    <UnitTest name="TestMethod1" storage="e:\ai\work-in-progress\basketball app\tests\app.e2e\bin\release\net8.0\app.e2e.dll" id="7c217084-b3c0-d267-13da-8947be0f3372">
      <Execution id="e1d01eba-06f4-4c38-a465-4c6ebe3e26b1" />
      <TestMethod codeBase="E:\Ai\WORK-IN-PROGRESS\basketball app\tests\App.E2E\bin\Release\net8.0\App.E2E.dll" adapterTypeName="executor://mstestadapter/v2" className="App.E2E.UnitTest1" name="TestMethod1" />
    </UnitTest>
  </TestDefinitions>
  <TestEntries>
    <TestEntry testId="7c217084-b3c0-d267-13da-8947be0f3372" executionId="e1d01eba-06f4-4c38-a465-4c6ebe3e26b1" testListId="8c84fa94-04c1-424b-9868-57a2d4851a1d" />
    <TestEntry testId="d77f0cd1-5ed7-94cd-7957-c6e6eb528fa8" executionId="6054aa93-389a-406f-91ab-13b24733e2fa" testListId="8c84fa94-04c1-424b-9868-57a2d4851a1d" />
  </TestEntries>
  <TestLists>
    <TestList name="Results Not in a List" id="8c84fa94-04c1-424b-9868-57a2d4851a1d" />
    <TestList name="All Loaded Results" id="19431567-8539-422a-85d7-44ee4e166bda" />
  </TestLists>
  <ResultSummary outcome="Completed">
    <Counters total="2" executed="2" passed="2" failed="0" error="0" timeout="0" aborted="0" inconclusive="0" passedButRunAborted="0" notRunnable="0" notExecuted="0" disconnected="0" warning="0" completed="0" inProgress="0" pending="0" />
  </ResultSummary>
</TestRun>