<?xml version="1.0" encoding="utf-8"?>
<TestRun id="d4440c79-daa0-4a3d-96b2-85dac00504eb" name="dalep@DESKTOP-CKE82FJ 2025-11-11 14:55:44" runUser="DESKTOP-CKE82FJ\dalep" xmlns="http://microsoft.com/schemas/VisualStudio/TeamTest/2010">
  <Times creation="2025-11-11T14:55:44.5416997+11:00" queuing="2025-11-11T14:55:44.5416998+11:00" start="2025-11-11T14:55:42.9254494+11:00" finish="2025-11-11T14:55:44.5455611+11:00" />
  <TestSettings name="default" id="80db5915-92b7-4963-ad55-6a954f416f31">
    <Deployment runDeploymentRoot="dalep_DESKTOP-CKE82FJ_2025-11-11_14_55_44" />
  </TestSettings>
  <Results>
    <UnitTestResult executionId="98d9b627-b658-4169-873a-fb288ef91f2b" testId="7c217084-b3c0-d267-13da-8947be0f3372" testName="TestMethod1" computerName="DESKTOP-CKE82FJ" duration="00:00:00.0000416" startTime="2025-11-11T14:55:44.3986703+11:00" endTime="2025-11-11T14:55:44.3994228+11:00" testType="13cdc9d9-ddb5-4fa4-a97d-d965ccfc6d4b" outcome="Passed" testListId="8c84fa94-04c1-424b-9868-57a2d4851a1d" relativeResultsDirectory="98d9b627-b658-4169-873a-fb288ef91f2b" />
    <UnitTestResult executionId="76fffdd1-c875-481a-ba90-c722135e4600" testId="d77f0cd1-5ed7-94cd-7957-c6e6eb528fa8" testName="Placeholder" computerName="DESKTOP-CKE82FJ" duration="00:00:00.0014672" startTime="2025-11-11T14:55:44.3638708+11:00" endTime="2025-11-11T14:55:44.3955327+11:00" testType="13cdc9d9-ddb5-4fa4-a97d-d965ccfc6d4b" outcome="Passed" testListId="8c84fa94-04c1-424b-9868-57a2d4851a1d" relativeResultsDirectory="76fffdd1-c875-481a-ba90-c722135e4600" />
  </Results>
  <TestDefinitions>
    <UnitTest name="Placeholder" storage="e:\ai\work-in-progress\basketball app\tests\app.e2e\bin\release\net8.0\app.e2e.dll" id="d77f0cd1-5ed7-94cd-7957-c6e6eb528fa8">
      <Execution id="76fffdd1-c875-481a-ba90-c722135e4600" />
      <TestMethod codeBase="E:\Ai\WORK-IN-PROGRESS\basketball app\tests\App.E2E\bin\Release\net8.0\App.E2E.dll" adapterTypeName="executor://mstestadapter/v2" className="App.E2E.SmokeTests" name="Placeholder" />
    </UnitTest>
    <UnitTest name="TestMethod1" storage="e:\ai\work-in-progress\basketball app\tests\app.e2e\bin\release\net8.0\app.e2e.dll" id="7c217084-b3c0-d267-13da-8947be0f3372">
      <Execution id="98d9b627-b658-4169-873a-fb288ef91f2b" />
      <TestMethod codeBase="E:\Ai\WORK-IN-PROGRESS\basketball app\tests\App.E2E\bin\Release\net8.0\App.E2E.dll" adapterTypeName="executor://mstestadapter/v2" className="App.E2E.UnitTest1" name="TestMethod1" />
    </UnitTest>
  </TestDefinitions>
  <TestEntries>
    <TestEntry testId="7c217084-b3c0-d267-13da-8947be0f3372" executionId="98d9b627-b658-4169-873a-fb288ef91f2b" testListId="8c84fa94-04c1-424b-9868-57a2d4851a1d" />
    <TestEntry testId="d77f0cd1-5ed7-94cd-7957-c6e6eb528fa8" executionId="76fffdd1-c875-481a-ba90-c722135e4600" testListId="8c84fa94-04c1-424b-9868-57a2d4851a1d" />
  </TestEntries>
  <TestLists>
    <TestList name="Results Not in a List" id="8c84fa94-04c1-424b-9868-57a2d4851a1d" />
    <TestList name="All Loaded Results" id="19431567-8539-422a-85d7-44ee4e166bda" />
  </TestLists>
  <ResultSummary outcome="Completed">
    <Counters total="2" executed="2" passed="2" failed="0" error="0" timeout="0" aborted="0" inconclusive="0" passedButRunAborted="0" notRunnable="0" notExecuted="0" disconnected="0" warning="0" completed="0" inProgress="0" pending="0" />
  </ResultSummary>
</TestRun>